0 info it worked if it ends with ok
1 verbose cli [ '/usr/local/bin/node',
1 verbose cli   '/usr/local/bin/npm',
1 verbose cli   'run',
1 verbose cli   'coveralls' ]
2 info using npm@3.10.8
3 info using node@v7.0.0
4 verbose run-script [ 'precoveralls', 'coveralls', 'postcoveralls' ]
5 info lifecycle arrow-server@1.0.0~precoveralls: arrow-server@1.0.0
6 silly lifecycle arrow-server@1.0.0~precoveralls: no script for precoveralls, continuing
7 info lifecycle arrow-server@1.0.0~coveralls: arrow-server@1.0.0
8 verbose lifecycle arrow-server@1.0.0~coveralls: unsafe-perm in lifecycle true
9 verbose lifecycle arrow-server@1.0.0~coveralls: PATH: /usr/local/lib/node_modules/npm/bin/node-gyp-bin:/Volumes/Daten/Dokumente/Programmieren/amos-git/amos-ws16-arrowjs-server/node_modules/.bin:/Applications/VirtualBox.app/Contents/MacOS/:/Volumes/Daten/Dokumente/Programmieren/pes_workspace/verista/rescue/trunk/RescueTest/scripts/uclid:/Volumes/Daten/Dokumente/Programmieren/pes_workspace/verista/rescue/trunk/RescueTest/scripts:/Applications/UPPAAL/:/usr/local/bin:/usr/bin:/bin:/usr/sbin:/sbin:/Library/TeX/texbin
10 verbose lifecycle arrow-server@1.0.0~coveralls: CWD: /Volumes/Daten/Dokumente/Programmieren/amos-git/amos-ws16-arrowjs-server
11 silly lifecycle arrow-server@1.0.0~coveralls: Args: [ '-c',
11 silly lifecycle   'npm run cover && nyc report --reporter=text-lcov | coveralls' ]
12 silly lifecycle arrow-server@1.0.0~coveralls: Returned: code: 1  signal: null
13 info lifecycle arrow-server@1.0.0~coveralls: Failed to exec coveralls script
14 verbose stack Error: arrow-server@1.0.0 coveralls: `npm run cover && nyc report --reporter=text-lcov | coveralls`
14 verbose stack Exit status 1
14 verbose stack     at EventEmitter.<anonymous> (/usr/local/lib/node_modules/npm/lib/utils/lifecycle.js:255:16)
14 verbose stack     at emitTwo (events.js:106:13)
14 verbose stack     at EventEmitter.emit (events.js:191:7)
14 verbose stack     at ChildProcess.<anonymous> (/usr/local/lib/node_modules/npm/lib/utils/spawn.js:40:14)
14 verbose stack     at emitTwo (events.js:106:13)
14 verbose stack     at ChildProcess.emit (events.js:191:7)
14 verbose stack     at maybeClose (internal/child_process.js:877:16)
14 verbose stack     at Process.ChildProcess._handle.onexit (internal/child_process.js:226:5)
15 verbose pkgid arrow-server@1.0.0
16 verbose cwd /Volumes/Daten/Dokumente/Programmieren/amos-git/amos-ws16-arrowjs-server
17 error Darwin 16.1.0
18 error argv "/usr/local/bin/node" "/usr/local/bin/npm" "run" "coveralls"
19 error node v7.0.0
20 error npm  v3.10.8
21 error code ELIFECYCLE
22 error arrow-server@1.0.0 coveralls: `npm run cover && nyc report --reporter=text-lcov | coveralls`
22 error Exit status 1
23 error Failed at the arrow-server@1.0.0 coveralls script 'npm run cover && nyc report --reporter=text-lcov | coveralls'.
23 error Make sure you have the latest version of node.js and npm installed.
23 error If you do, this is most likely a problem with the arrow-server package,
23 error not with npm itself.
23 error Tell the author that this fails on your system:
23 error     npm run cover && nyc report --reporter=text-lcov | coveralls
23 error You can get information on how to open an issue for this project with:
23 error     npm bugs arrow-server
23 error Or if that isn't available, you can get their info via:
23 error     npm owner ls arrow-server
23 error There is likely additional logging output above.
24 verbose exit [ 1, true ]
